<?xml version="1.0" encoding="UTF-8"?>
<!-- Generated by org.testng.reporters.JUnitReportReporter -->
<testsuite skipped="0" hostname="LAPTOP-IFLMPRQ2" name="com.wellness.qa.base.TestBase1" tests="1" failures="0" timestamp="2022-11-25T18:12:28 IST" time="84.086" errors="0">
  <testcase name="initialization1" time="84.086" classname="com.wellness.qa.base.TestBase1"/>
  <system-out/>
</testsuite> <!-- com.wellness.qa.base.TestBase1 -->
