<?xml version="1.0" encoding="UTF-8"?>
<!-- Generated by org.testng.reporters.JUnitReportReporter -->
<testsuite skipped="0" hostname="LAPTOP-IFLMPRQ2" name="com.wellness.qa.testcases.CreateSubscriptionWithAddedUserPetAndCard" tests="4" failures="0" timestamp="2022-06-21T18:01:05 IST" time="188.010" errors="0">
  <testcase name="createSubscriptionioWithAddedUserPetAndCard" time="91.754" classname="com.wellness.qa.testcases.CreateSubscriptionWithAddedUserPetAndCard"/>
  <system-out/>
  <testcase name="subscriptionDetails" time="32.236" classname="com.wellness.qa.testcases.CreateSubscriptionWithAddedUserPetAndCard"/>
  <system-out/>
  <testcase name="cancelSubscription" time="34.205" classname="com.wellness.qa.testcases.CreateSubscriptionWithAddedUserPetAndCard"/>
  <system-out/>
  <testcase name="cancelledReport" time="29.815" classname="com.wellness.qa.testcases.CreateSubscriptionWithAddedUserPetAndCard"/>
  <system-out/>
</testsuite> <!-- com.wellness.qa.testcases.CreateSubscriptionWithAddedUserPetAndCard -->
