<?xml version="1.0" encoding="UTF-8"?>
<!-- Generated by org.testng.reporters.JUnitReportReporter -->
<testsuite skipped="0" hostname="LAPTOP-IFLMPRQ2" name="com.wellness.qa.testcases.CreateSubscriptionWithAddon" tests="11" failures="0" timestamp="2022-06-21T17:54:33 IST" time="339.615" errors="0">
  <testcase name="createSubscriptionAddon" time="33.491" classname="com.wellness.qa.testcases.CreateSubscriptionWithAddon"/>
  <system-out/>
  <testcase name="subscriptionDetails" time="32.417" classname="com.wellness.qa.testcases.CreateSubscriptionWithAddon"/>
  <system-out/>
  <testcase name="upgradeSubscription" time="34.586" classname="com.wellness.qa.testcases.CreateSubscriptionWithAddon"/>
  <system-out/>
  <testcase name="upgradeDetails" time="22.359" classname="com.wellness.qa.testcases.CreateSubscriptionWithAddon"/>
  <system-out/>
  <testcase name="upgradeReport" time="30.297" classname="com.wellness.qa.testcases.CreateSubscriptionWithAddon"/>
  <system-out/>
  <testcase name="downgradeSubscription" time="34.226" classname="com.wellness.qa.testcases.CreateSubscriptionWithAddon"/>
  <system-out/>
  <testcase name="downgradeReport" time="29.907" classname="com.wellness.qa.testcases.CreateSubscriptionWithAddon"/>
  <system-out/>
  <testcase name="changeSubscription" time="39.102" classname="com.wellness.qa.testcases.CreateSubscriptionWithAddon"/>
  <system-out/>
  <testcase name="changePlanDetails" time="22.144" classname="com.wellness.qa.testcases.CreateSubscriptionWithAddon"/>
  <system-out/>
  <testcase name="cancelSubscription" time="31.216" classname="com.wellness.qa.testcases.CreateSubscriptionWithAddon"/>
  <system-out/>
  <testcase name="cancelledReport" time="29.870" classname="com.wellness.qa.testcases.CreateSubscriptionWithAddon"/>
  <system-out/>
</testsuite> <!-- com.wellness.qa.testcases.CreateSubscriptionWithAddon -->
