<?xml version="1.0" encoding="UTF-8"?>
<!-- Generated by org.testng.reporters.JUnitReportReporter -->
<testsuite skipped="0" hostname="LAPTOP-IFLMPRQ2" name="com.wellness.qa.testcases.CreateSubscriptionWithValidations" tests="1" failures="0" timestamp="2022-06-10T18:37:08 IST" time="73.464" errors="0">
  <testcase name="createSubscriptionWithValidations" time="73.464" classname="com.wellness.qa.testcases.CreateSubscriptionWithValidations"/>
  <system-out/>
</testsuite> <!-- com.wellness.qa.testcases.CreateSubscriptionWithValidations -->
