<?xml version="1.0" encoding="UTF-8"?>
<!-- Generated by org.testng.reporters.JUnitReportReporter -->
<testsuite skipped="0" hostname="LAPTOP-IFLMPRQ2" name="com.wellness.qa.testcases.CreateSubscriptionwithaddon" tests="1" failures="0" timestamp="2022-06-10T12:41:22 IST" time="30.059" errors="0">
  <testcase name="subscriptionDetails" time="30.059" classname="com.wellness.qa.testcases.CreateSubscriptionwithaddon"/>
  <system-out/>
</testsuite> <!-- com.wellness.qa.testcases.CreateSubscriptionwithaddon -->
