<?xml version="1.0" encoding="UTF-8"?>
<!-- Generated by org.testng.reporters.JUnitReportReporter -->
<testsuite skipped="0" hostname="LAPTOP-IFLMPRQ2" name="com.wellness.qa.testcases.CreateSubscriptionWithAddonWithAddedUserPetCard" tests="1" failures="0" timestamp="2022-06-21T12:12:24 IST" time="40.153" errors="0">
  <testcase name="createSubscriptionWithAddonWithAddedUserPetCard" time="40.153" classname="com.wellness.qa.testcases.CreateSubscriptionWithAddonWithAddedUserPetCard"/>
  <system-out/>
</testsuite> <!-- com.wellness.qa.testcases.CreateSubscriptionWithAddonWithAddedUserPetCard -->
